#
# There is insufficient memory for the Java Runtime Environment to continue.
# Native memory allocation (mmap) failed to map 134217728 bytes for G1 virtual space
# Possible reasons:
#   The system is out of physical RAM or swap space
#   The process is running with CompressedOops enabled, and the Java Heap may be blocking the growth of the native heap
# Possible solutions:
#   Reduce memory load on the system
#   Increase physical memory or swap space
#   Check if swap backing store is full
#   Decrease Java heap size (-Xmx/-Xms)
#   Decrease number of Java threads
#   Decrease Java thread stack sizes (-Xss)
#   Set larger code cache with -XX:ReservedCodeCacheSize=
#   JVM is running with Unscaled Compressed Oops mode in which the Java heap is
#     placed in the first 4GB address space. The Java Heap base address is the
#     maximum limit for the native heap growth. Please use -XX:HeapBaseMinAddress
#     to set the Java Heap base and to place the Java Heap above 4GB virtual address.
# This output file may be truncated or incomplete.
#
#  Out of Memory Error (./open/src/hotspot/os/windows/os_windows.cpp:3321), pid=9044, tid=12312
#
# JRE version:  (15.0.2+7) (build )
# Java VM: Java HotSpot(TM) 64-Bit Server VM (15.0.2+7-27, mixed mode, sharing, tiered, compressed oops, g1 gc, windows-amd64)
# No core dump will be written. Minidumps are not enabled by default on client versions of Windows
#

---------------  S U M M A R Y ------------

Command Line: 

Host: Intel(R) Core(TM) i5-8250U CPU @ 1.60GHz, 8 cores, 7G,  Windows 10 , 64 bit Build 19041 (10.0.19041.1023)
Time: Fri Jul 16 11:47:45 2021 Arab Standard Time elapsed time: 0.280699 seconds (0d 0h 0m 0s)

---------------  T H R E A D  ---------------

Current thread (0x00000206481ef540):  JavaThread "Unknown thread" [_thread_in_vm, id=12312, stack(0x0000005325200000,0x0000005325300000)]

Stack: [0x0000005325200000,0x0000005325300000]
Native frames: (J=compiled Java code, j=interpreted, Vv=VM code, C=native code)
V  [jvm.dll+0x62ae9a]
V  [jvm.dll+0x7817a9]
V  [jvm.dll+0x782f03]
V  [jvm.dll+0x783563]
V  [jvm.dll+0x216325]
V  [jvm.dll+0x6281d9]
V  [jvm.dll+0x61cf55]
V  [jvm.dll+0x2cffdd]
V  [jvm.dll+0x2cfe42]
V  [jvm.dll+0x2d5e1c]
V  [jvm.dll+0x32590a]
V  [jvm.dll+0x324fd4]
V  [jvm.dll+0x2a6f5a]
V  [jvm.dll+0x2a80f8]
V  [jvm.dll+0x75e241]
V  [jvm.dll+0x3341c4]
V  [jvm.dll+0x73e926]
V  [jvm.dll+0x3b7557]
V  [jvm.dll+0x3b8fe1]
C  [jli.dll+0x52fb]
C  [ucrtbase.dll+0x21bb2]
C  [KERNEL32.DLL+0x17034]
C  [ntdll.dll+0x52651]


---------------  P R O C E S S  ---------------

Threads class SMR info:
_java_thread_list=0x00007fff14324ff0, length=0, elements={
}

Java Threads: ( => current thread )

Other Threads:
  0x000002064822f870 GCTaskThread "GC Thread#0" [stack: 0x0000005325300000,0x0000005325400000] [id=5808]
  0x0000020648241f70 ConcurrentGCThread "G1 Main Marker" [stack: 0x0000005325400000,0x0000005325500000] [id=5848]
  0x0000020648242b60 ConcurrentGCThread "G1 Conc#0" [stack: 0x0000005325500000,0x0000005325600000] [id=13188]

[error occurred during error reporting (printing all threads), id 0xc0000005, EXCEPTION_ACCESS_VIOLATION (0xc0000005) at pc=0x00007fff13b17e27]

VM state: not at safepoint (not fully initialized)

VM Mutex/Monitor currently owned by a thread:  ([mutex/lock_event])
[0x00000206481ea2d0] Heap_lock - owner thread: 0x00000206481ef540

Heap address: 0x0000000081400000, size: 2028 MB, Compressed Oops mode: 32-bit
CDS archive(s) mapped at: [0x0000000000000000-0x0000000000000000-0x0000000000000000), size 0, SharedBaseAddress: 0x0000000800000000, ArchiveRelocationMode: 0.
Narrow klass base: 0x0000000000000000, Narrow klass shift: 0, Narrow klass range: 0x0

Heap:
 garbage-first heap   total 131072K, used 0K [0x0000000081400000, 0x0000000100000000)
  region size 1024K, 0 young (0K), 0 survivors (0K)
 Metaspace       used 0K, capacity 0K, committed 0K, reserved 0K
  class space    used 0K, capacity 0K, committed 0K, reserved 0K

Heap Regions: E=young(eden), S=young(survivor), O=old, HS=humongous(starts), HC=humongous(continues), CS=collection set, F=free, OA=open archive, CA=closed archive, TAMS=top-at-mark-start (previous, next)

Card table byte_map: [0x000002065fb70000,0x000002065ff70000] _byte_map_base: 0x000002065f766000

Marking Bits (Prev, Next): (CMBitMap*) 0x00000206482300e0, (CMBitMap*) 0x0000020648230120
 Prev Bits: [0x0000020660370000, 0x0000020662320000)
 Next Bits: [0x0000020662320000, 0x00000206642d0000)

GC Heap History (0 events):
No events

Deoptimization events (0 events):
No events

Classes unloaded (0 events):
No events

Classes redefined (0 events):
No events

Internal exceptions (0 events):
No events

Events (1 events):
Event: 0.149 Loaded shared library C:\Program Files\Java\jdk-15.0.2\bin\java.dll


Dynamic libraries:
0x00007ff77c3d0000 - 0x00007ff77c3df000 	C:\Program Files\Java\jdk-15.0.2\bin\java.exe
0x00007fff7d310000 - 0x00007fff7d505000 	C:\WINDOWS\SYSTEM32\ntdll.dll
0x00007fff7d070000 - 0x00007fff7d12d000 	C:\WINDOWS\System32\KERNEL32.DLL
0x00007fff7afa0000 - 0x00007fff7b268000 	C:\WINDOWS\System32\KERNELBASE.dll
0x00007fff7ab10000 - 0x00007fff7ac10000 	C:\WINDOWS\System32\ucrtbase.dll
0x00007fff6d6d0000 - 0x00007fff6d6e8000 	C:\Program Files\Java\jdk-15.0.2\bin\jli.dll
0x00007fff7c080000 - 0x00007fff7c12c000 	C:\WINDOWS\System32\ADVAPI32.dll
0x00007fff7cdf0000 - 0x00007fff7ce8e000 	C:\WINDOWS\System32\msvcrt.dll
0x00007fff6d6b0000 - 0x00007fff6d6c9000 	C:\Program Files\Java\jdk-15.0.2\bin\VCRUNTIME140.dll
0x00007fff7be00000 - 0x00007fff7be9b000 	C:\WINDOWS\System32\sechost.dll
0x00007fff7c880000 - 0x00007fff7c9ab000 	C:\WINDOWS\System32\RPCRT4.dll
0x00007fff7bc50000 - 0x00007fff7bdf0000 	C:\WINDOWS\System32\USER32.dll
0x00007fff7aae0000 - 0x00007fff7ab02000 	C:\WINDOWS\System32\win32u.dll
0x00007fff7d210000 - 0x00007fff7d23a000 	C:\WINDOWS\System32\GDI32.dll
0x00007fff7ae90000 - 0x00007fff7af9b000 	C:\WINDOWS\System32\gdi32full.dll
0x00007fff67150000 - 0x00007fff673ea000 	C:\WINDOWS\WinSxS\amd64_microsoft.windows.common-controls_6595b64144ccf1df_6.0.19041.844_none_ca00b6081b84eb1d\COMCTL32.dll
0x00007fff7adf0000 - 0x00007fff7ae8d000 	C:\WINDOWS\System32\msvcp_win.dll
0x00007fff73a20000 - 0x00007fff73a2a000 	C:\WINDOWS\SYSTEM32\VERSION.dll
0x00007fff7d040000 - 0x00007fff7d070000 	C:\WINDOWS\System32\IMM32.DLL
0x00007fff6d6a0000 - 0x00007fff6d6ac000 	C:\Program Files\Java\jdk-15.0.2\bin\vcruntime140_1.dll
0x00007fff52ae0000 - 0x00007fff52b71000 	C:\Program Files\Java\jdk-15.0.2\bin\msvcp140.dll
0x00007fff13860000 - 0x00007fff143be000 	C:\Program Files\Java\jdk-15.0.2\bin\server\jvm.dll
0x00007fff7bdf0000 - 0x00007fff7bdf8000 	C:\WINDOWS\System32\PSAPI.DLL
0x00007fff728b0000 - 0x00007fff728b9000 	C:\WINDOWS\SYSTEM32\WSOCK32.dll
0x00007fff7ce90000 - 0x00007fff7cefb000 	C:\WINDOWS\System32\WS2_32.dll
0x00007fff6e840000 - 0x00007fff6e867000 	C:\WINDOWS\SYSTEM32\WINMM.dll
0x00007fff79330000 - 0x00007fff79342000 	C:\WINDOWS\SYSTEM32\kernel.appcore.dll
0x00007fff6d690000 - 0x00007fff6d69a000 	C:\Program Files\Java\jdk-15.0.2\bin\jimage.dll
0x00007fff79010000 - 0x00007fff791f4000 	C:\WINDOWS\SYSTEM32\DBGHELP.DLL
0x00007fff64ae0000 - 0x00007fff64b0c000 	C:\WINDOWS\SYSTEM32\dbgcore.DLL
0x00007fff7aa50000 - 0x00007fff7aad3000 	C:\WINDOWS\System32\bcryptPrimitives.dll
0x00007fff6d660000 - 0x00007fff6d685000 	C:\Program Files\Java\jdk-15.0.2\bin\java.dll

dbghelp: loaded successfully - version: 4.0.5 - missing functions: none
symbol engine: initialized successfully - sym options: 0x614 - pdb path: .;C:\Program Files\Java\jdk-15.0.2\bin;C:\WINDOWS\SYSTEM32;C:\WINDOWS\WinSxS\amd64_microsoft.windows.common-controls_6595b64144ccf1df_6.0.19041.844_none_ca00b6081b84eb1d;C:\Program Files\Java\jdk-15.0.2\bin\server

VM Arguments:
java_command: <unknown>
java_class_path (initial): <not set>
Launcher Type: SUN_STANDARD

[Global flags]
     intx CICompilerCount                          = 4                                         {product} {ergonomic}
     uint ConcGCThreads                            = 2                                         {product} {ergonomic}
     uint G1ConcRefinementThreads                  = 8                                         {product} {ergonomic}
   size_t G1HeapRegionSize                         = 1048576                                   {product} {ergonomic}
    uintx GCDrainStackTargetSize                   = 64                                        {product} {ergonomic}
   size_t InitialHeapSize                          = 134217728                                 {product} {ergonomic}
   size_t MarkStackSize                            = 4194304                                   {product} {ergonomic}
   size_t MaxHeapSize                              = 2126512128                                {product} {ergonomic}
   size_t MinHeapDeltaBytes                        = 1048576                                   {product} {ergonomic}
   size_t MinHeapSize                              = 8388608                                   {product} {ergonomic}
    uintx NonNMethodCodeHeapSize                   = 5839372                                {pd product} {ergonomic}
    uintx NonProfiledCodeHeapSize                  = 122909434                              {pd product} {ergonomic}
    uintx ProfiledCodeHeapSize                     = 122909434                              {pd product} {ergonomic}
    uintx ReservedCodeCacheSize                    = 251658240                              {pd product} {ergonomic}
     bool SegmentedCodeCache                       = true                                      {product} {ergonomic}
   size_t SoftMaxHeapSize                          = 2126512128                             {manageable} {ergonomic}
     bool UseCompressedClassPointers               = true                                 {lp64_product} {ergonomic}
     bool UseCompressedOops                        = true                                 {lp64_product} {ergonomic}
     bool UseG1GC                                  = true                                      {product} {ergonomic}
     bool UseLargePagesIndividualAllocation        = false                                  {pd product} {ergonomic}

Logging:
Log output configuration:
 #0: stdout all=warning uptime,level,tags
 #1: stderr all=off uptime,level,tags

Environment Variables:
PATH=C:\Program Files (x86)\NVIDIA Corporation\PhysX\Common;C:\Program Files\Common Files\Oracle\Java\javapath;C:\Program Files (x86)\Common Files\Oracle\Java\javapath;C:\WINDOWS\system32;C:\WINDOWS;C:\WINDOWS\System32\Wbem;C:\WINDOWS\System32\WindowsPowerShell\v1.0\;C:\WINDOWS\System32\OpenSSH\;C:\Users\ai871\Desktop\src\flutter\bin;C:\Program Files\Git\cmd;C:\Users\ai871\AppData\Local\Microsoft\WindowsApps;C:\Users\ai871\Desktop\src\flutter\bin;;C:\Users\ai871\AppData\Local\Programs\Microsoft VS Code\bin;C:\Users\ai871\Desktop\flutterSDK\flutter\bin\mingit\cmd
USERNAME=ai871
OS=Windows_NT
PROCESSOR_IDENTIFIER=Intel64 Family 6 Model 142 Stepping 10, GenuineIntel



---------------  S Y S T E M  ---------------

OS:
 Windows 10 , 64 bit Build 19041 (10.0.19041.1023)
OS uptime: 0 days 2:30 hours
HyperV virtualization detected

CPU: total 8 (initial active 8) (4 cores per cpu, 2 threads per core) family 6 model 142 stepping 10 microcode 0xb4, cmov, cx8, fxsr, mmx, sse, sse2, sse3, ssse3, sse4.1, sse4.2, popcnt, vzeroupper, avx, avx2, aes, clmul, erms, 3dnowpref, lzcnt, ht, tsc, tscinvbit, bmi1, bmi2, adx, fma, clflush, clflushopt

Memory: 4k page, system-wide physical 8108M (419M free)
TotalPageFile size 30575M (AvailPageFile size 64M)
current process WorkingSet (physical memory assigned to process): 10M, peak: 10M
current process commit charge ("private bytes"): 60M, peak: 188M

vm_info: Java HotSpot(TM) 64-Bit Server VM (15.0.2+7-27) for windows-amd64 JRE (15.0.2+7-27), built on Dec  7 2020 20:07:01 by "mach5one" with unknown MS VC++:1925

END.
